<?xml version="1.0" encoding="UTF-8"?>
<!-- Generated by org.testng.reporters.JUnitReportReporter -->
<testsuite hostname="Macbook Pro" failures="0" tests="1" name="demo.Test1" time="10.831" errors="0" timestamp="2021-09-02T14:02:55 EDT" skipped="0">
  <testcase classname="demo.Test1" name="testUntitledTestCase" time="10.831"/>
  <system-out/>
</testsuite> <!-- demo.Test1 -->
