<?xml version="1.0" encoding="UTF-8"?>
<!-- Generated by org.testng.reporters.JUnitReportReporter -->
<testsuite hostname="Macbook Pro" failures="0" tests="2" name="demo.TestNGMultiBrowserDemo" time="16.212" errors="0" timestamp="2021-09-01T19:34:49 EDT" skipped="0">
  <testcase classname="demo.TestNGMultiBrowserDemo" name="test1" time="7.079"/>
  <system-out/>
  <testcase classname="demo.TestNGMultiBrowserDemo" name="test1" time="9.133"/>
  <system-out/>
</testsuite> <!-- demo.TestNGMultiBrowserDemo -->
