<?xml version="1.0" encoding="UTF-8"?>
<!-- Generated by org.testng.reporters.JUnitReportReporter -->
<testsuite hostname="Macbook Pro" failures="0" tests="1" name="test.TestNG_Demo" time="4.737" errors="0" timestamp="2021-09-01T15:13:06 EDT" skipped="0">
  <testcase classname="test.TestNG_Demo" name="googleSearch" time="4.737"/>
  <system-out/>
</testsuite> <!-- test.TestNG_Demo -->
