<?xml version="1.0" encoding="UTF-8"?>
<!-- Generated by org.testng.reporters.JUnitReportReporter -->
<testsuite hostname="Macbook Pro" failures="0" tests="2" name="test.extentReportWithTestNG" time="2.276" errors="0" timestamp="2021-09-01T10:34:13 EDT" skipped="0">
  <testcase classname="test.extentReportWithTestNG" name="test1" time="2.272"/>
  <system-out/>
  <testcase classname="test.extentReportWithTestNG" name="test2" time="0.004"/>
  <system-out/>
</testsuite> <!-- test.extentReportWithTestNG -->
