<?xml version="1.0" encoding="UTF-8"?>
<!-- Generated by org.testng.reporters.JUnitReportReporter -->
<testsuite hostname="Macbook Pro" failures="0" tests="1" name="test.Test1_GoogleSearch" time="9.691" errors="0" timestamp="2021-08-31T19:53:58 EDT" skipped="0">
  <testcase classname="test.Test1_GoogleSearch" name="googleSearch" time="9.691"/>
  <system-out/>
</testsuite> <!-- test.Test1_GoogleSearch -->
