<?xml version="1.0" encoding="UTF-8"?>
<!-- Generated by org.testng.reporters.JUnitReportReporter -->
<testsuite hostname="Macbook Pro" failures="0" tests="3" name="utils.ExcelDataprovider" time="8.643" errors="0" timestamp="2021-09-01T18:22:16 EDT" skipped="0">
  <testcase classname="utils.ExcelDataprovider" name="test1" time="2.817"/>
  <system-out/>
  <testcase classname="utils.ExcelDataprovider" name="test1" time="2.398"/>
  <system-out/>
  <testcase classname="utils.ExcelDataprovider" name="test1" time="3.428"/>
  <system-out/>
</testsuite> <!-- utils.ExcelDataprovider -->
