<?xml version="1.0" encoding="UTF-8"?>
<!-- Generated by org.testng.reporters.JUnitReportReporter -->
<testsuite hostname="Macbook Pro" failures="0" tests="4" name="demo.TestNGGroupsDemo" time="0.048" errors="0" timestamp="2021-09-02T13:12:05 EDT" skipped="0">
  <testcase classname="demo.TestNGGroupsDemo" name="test3" time="0.004"/>
  <system-out/>
  <testcase classname="demo.TestNGGroupsDemo" name="test4" time="0.001"/>
  <system-out/>
  <testcase classname="demo.TestNGGroupsDemo" name="test2" time="0.002"/>
  <system-out/>
  <testcase classname="demo.TestNGGroupsDemo" name="test1" time="0.041"/>
  <system-out/>
</testsuite> <!-- demo.TestNGGroupsDemo -->
