<?xml version="1.0" encoding="UTF-8"?>
<!-- Generated by org.testng.reporters.JUnitReportReporter -->
<testsuite hostname="Macbook Pro" failures="0" tests="1" name="test.TestNG_Demo2" time="11.046" errors="0" timestamp="2021-08-31T20:24:01 EDT" skipped="0">
  <testcase classname="test.TestNG_Demo2" name="googleSearch2" time="11.046"/>
  <system-out/>
</testsuite> <!-- test.TestNG_Demo2 -->
