<?xml version="1.0" encoding="UTF-8"?>
<!-- Generated by org.testng.reporters.JUnitReportReporter -->
<testsuite hostname="Macbook Pro" failures="0" tests="1" name="demo.TestNGIgnoreDemo" time="0.018" errors="0" timestamp="2021-09-02T13:20:10 EDT" skipped="0">
  <testcase classname="demo.TestNGIgnoreDemo" name="test2" time="0.018"/>
  <system-out/>
</testsuite> <!-- demo.TestNGIgnoreDemo -->
