<?xml version="1.0" encoding="UTF-8"?>
<!-- Generated by org.testng.reporters.JUnitReportReporter -->
<testsuite hostname="Macbook Pro" failures="0" tests="3" name="demo.TestNGDependenciesDemo" time="0.044" errors="0" timestamp="2021-09-02T13:16:32 EDT" skipped="0">
  <testcase classname="demo.TestNGDependenciesDemo" name="test3" time="0.003"/>
  <system-out/>
  <testcase classname="demo.TestNGDependenciesDemo" name="test1" time="0.030"/>
  <system-out/>
  <testcase classname="demo.TestNGDependenciesDemo" name="test2" time="0.011"/>
  <system-out/>
</testsuite> <!-- demo.TestNGDependenciesDemo -->
