<?xml version="1.0" encoding="UTF-8"?>
<!-- Generated by org.testng.reporters.JUnitReportReporter -->
<testsuite hostname="Macbook Pro" failures="0" tests="1" name="demo.TestNGParameterDemo" time="0.022" errors="0" timestamp="2021-09-02T10:17:22 EDT" skipped="0">
  <testcase classname="demo.TestNGParameterDemo" name="test" time="0.022"/>
  <system-out/>
</testsuite> <!-- demo.TestNGParameterDemo -->
