<?xml version="1.0" encoding="UTF-8"?>
<!-- Generated by org.testng.reporters.JUnitReportReporter -->
<testsuite hostname="Macbook Pro" failures="0" tests="3" name="demo.TestNGPriorityDemo" time="0.019" errors="0" timestamp="2021-09-01T19:14:02 EDT" skipped="0">
  <testcase classname="demo.TestNGPriorityDemo" name="one" time="0.007"/>
  <system-out/>
  <testcase classname="demo.TestNGPriorityDemo" name="two" time="0.011"/>
  <system-out/>
  <testcase classname="demo.TestNGPriorityDemo" name="three" time="0.001"/>
  <system-out/>
</testsuite> <!-- demo.TestNGPriorityDemo -->
